  [1m[35m (0.2ms)[0m  [1m[34mSELECT sqlite_version(*)[0m
  ↳ /home/hguruman/.rbenv/versions/2.7.0/bin/rake:23
  [1m[35m (199.4ms)[0m  [1m[35mCREATE TABLE "schema_migrations" ("version" varchar NOT NULL PRIMARY KEY)[0m
  ↳ /home/hguruman/.rbenv/versions/2.7.0/bin/rake:23
  [1m[35m (181.8ms)[0m  [1m[35mCREATE TABLE "ar_internal_metadata" ("key" varchar NOT NULL PRIMARY KEY, "value" varchar, "created_at" datetime NOT NULL, "updated_at" datetime NOT NULL)[0m
  ↳ /home/hguruman/.rbenv/versions/2.7.0/bin/rake:23
  [1m[35m (0.3ms)[0m  [1m[34mSELECT "schema_migrations"."version" FROM "schema_migrations" ORDER BY "schema_migrations"."version" ASC[0m
  ↳ /home/hguruman/.rbenv/versions/2.7.0/bin/rake:23
Migrating to CreateArticles (20200922155653)
  [1m[35m (0.2ms)[0m  [1m[36mbegin transaction[0m
  ↳ /home/hguruman/.rbenv/versions/2.7.0/bin/rake:23
  [1m[35m (0.7ms)[0m  [1m[35mCREATE TABLE "articles" ("id" integer PRIMARY KEY AUTOINCREMENT NOT NULL, "title" varchar, "body" text, "created_at" datetime NOT NULL, "updated_at" datetime NOT NULL)[0m
  ↳ db/migrate/20200922155653_create_articles.rb:3
  [1m[36mActiveRecord::SchemaMigration Create (0.2ms)[0m  [1m[32mINSERT INTO "schema_migrations" ("version") VALUES (?)[0m  [["version", "20200922155653"]]
  ↳ /home/hguruman/.rbenv/versions/2.7.0/bin/rake:23
  [1m[35m (112.4ms)[0m  [1m[36mcommit transaction[0m
  ↳ /home/hguruman/.rbenv/versions/2.7.0/bin/rake:23
  [1m[36mActiveRecord::InternalMetadata Load (0.2ms)[0m  [1m[34mSELECT  "ar_internal_metadata".* FROM "ar_internal_metadata" WHERE "ar_internal_metadata"."key" = ? LIMIT ?[0m  [["key", "environment"], ["LIMIT", 1]]
  ↳ /home/hguruman/.rbenv/versions/2.7.0/bin/rake:23
  [1m[35m (0.1ms)[0m  [1m[36mbegin transaction[0m
  ↳ /home/hguruman/.rbenv/versions/2.7.0/bin/rake:23
  [1m[36mActiveRecord::InternalMetadata Create (0.4ms)[0m  [1m[32mINSERT INTO "ar_internal_metadata" ("key", "value", "created_at", "updated_at") VALUES (?, ?, ?, ?)[0m  [["key", "environment"], ["value", "development"], ["created_at", "2020-09-22 16:16:52.934294"], ["updated_at", "2020-09-22 16:16:52.934294"]]
  ↳ /home/hguruman/.rbenv/versions/2.7.0/bin/rake:23
  [1m[35m (60.6ms)[0m  [1m[36mcommit transaction[0m
  ↳ /home/hguruman/.rbenv/versions/2.7.0/bin/rake:23
  [1m[35m (0.3ms)[0m  [1m[34mSELECT "schema_migrations"."version" FROM "schema_migrations" ORDER BY "schema_migrations"."version" ASC[0m
  ↳ /home/hguruman/.rbenv/versions/2.7.0/bin/rake:23
  [1m[35m (0.2ms)[0m  [1m[34mSELECT "schema_migrations"."version" FROM "schema_migrations" ORDER BY "schema_migrations"."version" ASC[0m
  ↳ /home/hguruman/.rbenv/versions/2.7.0/bin/rake:23
Migrating to CreateComments (20200922222020)
  [1m[35m (0.3ms)[0m  [1m[36mbegin transaction[0m
  ↳ /home/hguruman/.rbenv/versions/2.7.0/bin/rake:23
  [1m[35m (0.5ms)[0m  [1m[34mSELECT sqlite_version(*)[0m
  ↳ db/migrate/20200922222020_create_comments.rb:3
  [1m[35m (12.6ms)[0m  [1m[35mCREATE TABLE "comments" ("id" integer PRIMARY KEY AUTOINCREMENT NOT NULL, "author_name" varchar, "body" text, "article_id" integer, "created_at" datetime NOT NULL, "updated_at" datetime NOT NULL, CONSTRAINT "fk_rails_3bf61a60d3"
FOREIGN KEY ("article_id")
  REFERENCES "articles" ("id")
)[0m
  ↳ db/migrate/20200922222020_create_comments.rb:3
  [1m[35m (0.2ms)[0m  [1m[35mCREATE  INDEX "index_comments_on_article_id" ON "comments" ("article_id")[0m
  ↳ db/migrate/20200922222020_create_comments.rb:3
  [1m[36mActiveRecord::SchemaMigration Create (0.2ms)[0m  [1m[32mINSERT INTO "schema_migrations" ("version") VALUES (?)[0m  [["version", "20200922222020"]]
  ↳ /home/hguruman/.rbenv/versions/2.7.0/bin/rake:23
  [1m[35m (95.7ms)[0m  [1m[36mcommit transaction[0m
  ↳ /home/hguruman/.rbenv/versions/2.7.0/bin/rake:23
  [1m[36mActiveRecord::InternalMetadata Load (0.9ms)[0m  [1m[34mSELECT  "ar_internal_metadata".* FROM "ar_internal_metadata" WHERE "ar_internal_metadata"."key" = ? LIMIT ?[0m  [["key", "environment"], ["LIMIT", 1]]
  ↳ /home/hguruman/.rbenv/versions/2.7.0/bin/rake:23
  [1m[35m (0.1ms)[0m  [1m[36mbegin transaction[0m
  ↳ /home/hguruman/.rbenv/versions/2.7.0/bin/rake:23
  [1m[35m (0.1ms)[0m  [1m[36mcommit transaction[0m
  ↳ /home/hguruman/.rbenv/versions/2.7.0/bin/rake:23
  [1m[35m (0.3ms)[0m  [1m[34mSELECT "schema_migrations"."version" FROM "schema_migrations" ORDER BY "schema_migrations"."version" ASC[0m
  ↳ /home/hguruman/.rbenv/versions/2.7.0/bin/rake:23
Started GET "/articles" for ::1 at 2020-09-24 01:39:19 +0400
  [1m[35m (0.2ms)[0m  [1m[34mSELECT "schema_migrations"."version" FROM "schema_migrations" ORDER BY "schema_migrations"."version" ASC[0m
  ↳ /home/hguruman/.rbenv/versions/2.7.0/lib/ruby/gems/2.7.0/gems/activerecord-5.2.4.4/lib/active_record/log_subscriber.rb:98
Processing by ArticlesController#index as HTML
  Rendering articles/index.html.erb within layouts/application
  [1m[36mArticle Load (16.2ms)[0m  [1m[34mSELECT "articles".* FROM "articles"[0m
  ↳ app/views/articles/index.html.erb:4
  Rendered articles/index.html.erb within layouts/application (33.4ms)
Completed 200 OK in 717ms (Views: 624.8ms | ActiveRecord: 18.2ms)


Started GET "/articles/1" for ::1 at 2020-09-24 01:42:50 +0400
Processing by ArticlesController#show as HTML
  Parameters: {"id"=>"1"}
  [1m[36mArticle Load (0.7ms)[0m  [1m[34mSELECT  "articles".* FROM "articles" WHERE "articles"."id" = ? LIMIT ?[0m  [["id", 1], ["LIMIT", 1]]
  ↳ app/controllers/articles_controller.rb:9
  Rendering articles/show.html.erb within layouts/application
  [1m[35m (13.5ms)[0m  [1m[34mSELECT COUNT(*) FROM "comments" WHERE "comments"."article_id" = ?[0m  [["article_id", 1]]
  ↳ app/views/articles/show.html.erb:4
  [1m[36mComment Load (0.9ms)[0m  [1m[34mSELECT "comments".* FROM "comments" WHERE "comments"."article_id" = ?[0m  [["article_id", 1]]
  ↳ app/views/articles/show.html.erb:5
  Rendered collection of articles/_comment.html.erb [3 times] (24.8ms)
  Rendered comments/_form.html.erb (36.6ms)
  Rendered articles/show.html.erb within layouts/application (177.9ms)
Completed 200 OK in 341ms (Views: 218.6ms | ActiveRecord: 18.2ms)


  [1m[35m (0.1ms)[0m  [1m[34mSELECT "schema_migrations"."version" FROM "schema_migrations" ORDER BY "schema_migrations"."version" ASC[0m
  ↳ /home/hguruman/.rbenv/versions/2.7.0/bin/rake:23
Migrating to CreateTags (20200923214425)
  [1m[35m (0.1ms)[0m  [1m[36mbegin transaction[0m
  ↳ /home/hguruman/.rbenv/versions/2.7.0/bin/rake:23
  [1m[35m (0.1ms)[0m  [1m[34mSELECT sqlite_version(*)[0m
  ↳ db/migrate/20200923214425_create_tags.rb:3
  [1m[35m (0.5ms)[0m  [1m[35mCREATE TABLE "tags" ("id" integer PRIMARY KEY AUTOINCREMENT NOT NULL, "name" varchar, "created_at" datetime NOT NULL, "updated_at" datetime NOT NULL)[0m
  ↳ db/migrate/20200923214425_create_tags.rb:3
  [1m[36mActiveRecord::SchemaMigration Create (0.3ms)[0m  [1m[32mINSERT INTO "schema_migrations" ("version") VALUES (?)[0m  [["version", "20200923214425"]]
  ↳ /home/hguruman/.rbenv/versions/2.7.0/bin/rake:23
  [1m[35m (116.0ms)[0m  [1m[36mcommit transaction[0m
  ↳ /home/hguruman/.rbenv/versions/2.7.0/bin/rake:23
Migrating to CreateTaggings (20200923214511)
  [1m[35m (0.2ms)[0m  [1m[36mbegin transaction[0m
  ↳ /home/hguruman/.rbenv/versions/2.7.0/bin/rake:23
  [1m[35m (2.5ms)[0m  [1m[35mCREATE TABLE "taggings" ("id" integer PRIMARY KEY AUTOINCREMENT NOT NULL, "tag_id" integer, "article_id" integer, "created_at" datetime NOT NULL, "updated_at" datetime NOT NULL, CONSTRAINT "fk_rails_9fcd2e236b"
FOREIGN KEY ("tag_id")
  REFERENCES "tags" ("id")
, CONSTRAINT "fk_rails_50f62c287b"
FOREIGN KEY ("article_id")
  REFERENCES "articles" ("id")
)[0m
  ↳ db/migrate/20200923214511_create_taggings.rb:3
  [1m[35m (0.6ms)[0m  [1m[35mCREATE  INDEX "index_taggings_on_tag_id" ON "taggings" ("tag_id")[0m
  ↳ db/migrate/20200923214511_create_taggings.rb:3
  [1m[35m (0.5ms)[0m  [1m[35mCREATE  INDEX "index_taggings_on_article_id" ON "taggings" ("article_id")[0m
  ↳ db/migrate/20200923214511_create_taggings.rb:3
  [1m[36mActiveRecord::SchemaMigration Create (0.5ms)[0m  [1m[32mINSERT INTO "schema_migrations" ("version") VALUES (?)[0m  [["version", "20200923214511"]]
  ↳ /home/hguruman/.rbenv/versions/2.7.0/bin/rake:23
  [1m[35m (100.4ms)[0m  [1m[36mcommit transaction[0m
  ↳ /home/hguruman/.rbenv/versions/2.7.0/bin/rake:23
  [1m[36mActiveRecord::InternalMetadata Load (0.2ms)[0m  [1m[34mSELECT  "ar_internal_metadata".* FROM "ar_internal_metadata" WHERE "ar_internal_metadata"."key" = ? LIMIT ?[0m  [["key", "environment"], ["LIMIT", 1]]
  ↳ /home/hguruman/.rbenv/versions/2.7.0/bin/rake:23
  [1m[35m (0.1ms)[0m  [1m[36mbegin transaction[0m
  ↳ /home/hguruman/.rbenv/versions/2.7.0/bin/rake:23
  [1m[35m (0.1ms)[0m  [1m[36mcommit transaction[0m
  ↳ /home/hguruman/.rbenv/versions/2.7.0/bin/rake:23
  [1m[35m (0.2ms)[0m  [1m[34mSELECT "schema_migrations"."version" FROM "schema_migrations" ORDER BY "schema_migrations"."version" ASC[0m
  ↳ /home/hguruman/.rbenv/versions/2.7.0/bin/rake:23
